{"name": "test_authorization", "status": "broken", "statusDetails": {"message": "selenium.common.exceptions.ElementClickInterceptedException: Message: element click intercepted: Element <button class=\"btn\" data-toggle=\"modal\" data-target=\"#mainModal\" data-url=\"/ru/users/modal?type=login&amp;returnPage=%2Fru%2F\" data-size=\"sm\" type=\"button\">...</button> is not clickable at point (1115, 39). Other element would receive the click: <div id=\"onesignal-slidedown-container\" class=\"onesignal-slidedown-container onesignal-reset slide-down\">...</div>\n  (Session info: chrome=125.0.6422.60)\nStacktrace:\n0   chromedriver                        0x0000000104fda4a0 chromedriver + 4301984\n1   chromedriver                        0x0000000104fd2de8 chromedriver + 4271592\n2   chromedriver                        0x0000000104c0419c chromedriver + 278940\n3   chromedriver                        0x0000000104c4bd48 chromedriver + 572744\n4   chromedriver                        0x0000000104c4a2ec chromedriver + 565996\n5   chromedriver                        0x0000000104c4847c chromedriver + 558204\n6   chromedriver                        0x0000000104c479cc chromedriver + 555468\n7   chromedriver                        0x0000000104c3ce24 chromedriver + 511524\n8   chromedriver                        0x0000000104c3c85c chromedriver + 510044\n9   chromedriver                        0x0000000104c7ec5c chromedriver + 781404\n10  chromedriver                        0x0000000104c3b004 chromedriver + 503812\n11  chromedriver                        0x0000000104c3b9ec chromedriver + 506348\n12  chromedriver                        0x0000000104fa24e8 chromedriver + 4072680\n13  chromedriver                        0x0000000104fa6f94 chromedriver + 4091796\n14  chromedriver                        0x0000000104f8972c chromedriver + 3970860\n15  chromedriver                        0x0000000104fa787c chromedriver + 4094076\n16  chromedriver                        0x0000000104f7c6ac chromedriver + 3917484\n17  chromedriver                        0x0000000104fc4ae0 chromedriver + 4213472\n18  chromedriver                        0x0000000104fc4c5c chromedriver + 4213852\n19  chromedriver                        0x0000000104fd29e0 chromedriver + 4270560\n20  libsystem_pthread.dylib             0x000000019e55af94 _pthread_start + 136\n21  libsystem_pthread.dylib             0x000000019e555d34 thread_start + 8", "trace": "browser = <selenium.webdriver.chrome.webdriver.WebDriver (session=\"45b6727acff69b7f8a6178feae736c17\")>\n\n    @allure.feature('Authorization')\n    @allure.story('Authorization to the system')\n    @allure.description('This test will perform authorization to the website')\n    def test_authorization(browser):\n        with allure.step('Open browser'):\n            authorization_page = AuthorizationPage(browser)\n    \n        with allure.step('Go to site'):\n            authorization_page.open()\n    \n        with allure.step('Handle notification if present'):\n            authorization_page.handle_notification()\n            sleep(1)\n    \n        with allure.step('Click login button'):\n>           authorization_page.login_button().click()\n\ntests/test_1_authorization.py:21: \n_ _ _ _ _ _ _ _ _ _ _ _ _ _ _ _ _ _ _ _ _ _ _ _ _ _ _ _ _ _ _ _ _ _ _ _ _ _ _ _ _ _ _ _ _ _ _ _ _ _ _ _ _ _ _ _ _ _ _ _ _ _ _ _ _ _ _ _ _ _ _ _ _ _ _ _ _ _ _ _ _ \n.venv/lib/python3.12/site-packages/selenium/webdriver/remote/webelement.py:94: in click\n    self._execute(Command.CLICK_ELEMENT)\n.venv/lib/python3.12/site-packages/selenium/webdriver/remote/webelement.py:395: in _execute\n    return self._parent.execute(command, params)\n.venv/lib/python3.12/site-packages/selenium/webdriver/remote/webdriver.py:347: in execute\n    self.error_handler.check_response(response)\n_ _ _ _ _ _ _ _ _ _ _ _ _ _ _ _ _ _ _ _ _ _ _ _ _ _ _ _ _ _ _ _ _ _ _ _ _ _ _ _ _ _ _ _ _ _ _ _ _ _ _ _ _ _ _ _ _ _ _ _ _ _ _ _ _ _ _ _ _ _ _ _ _ _ _ _ _ _ _ _ _ \n\nself = <selenium.webdriver.remote.errorhandler.ErrorHandler object at 0x105585bb0>\nresponse = {'status': 400, 'value': '{\"value\":{\"error\":\"element click intercepted\",\"message\":\"element click intercepted: Element ...00019e55af94 _pthread_start + 136\\\\n21  libsystem_pthread.dylib             0x000000019e555d34 thread_start + 8\\\\n\"}}'}\n\n    def check_response(self, response: Dict[str, Any]) -> None:\n        \"\"\"Checks that a JSON response from the WebDriver does not have an\n        error.\n    \n        :Args:\n         - response - The JSON response from the WebDriver server as a dictionary\n           object.\n    \n        :Raises: If the response contains an error message.\n        \"\"\"\n        status = response.get(\"status\", None)\n        if not status or status == ErrorCode.SUCCESS:\n            return\n        value = None\n        message = response.get(\"message\", \"\")\n        screen: str = response.get(\"screen\", \"\")\n        stacktrace = None\n        if isinstance(status, int):\n            value_json = response.get(\"value\", None)\n            if value_json and isinstance(value_json, str):\n                import json\n    \n                try:\n                    value = json.loads(value_json)\n                    if len(value) == 1:\n                        value = value[\"value\"]\n                    status = value.get(\"error\", None)\n                    if not status:\n                        status = value.get(\"status\", ErrorCode.UNKNOWN_ERROR)\n                        message = value.get(\"value\") or value.get(\"message\")\n                        if not isinstance(message, str):\n                            value = message\n                            message = message.get(\"message\")\n                    else:\n                        message = value.get(\"message\", None)\n                except ValueError:\n                    pass\n    \n        exception_class: Type[WebDriverException]\n        e = ErrorCode()\n        error_codes = [item for item in dir(e) if not item.startswith(\"__\")]\n        for error_code in error_codes:\n            error_info = getattr(ErrorCode, error_code)\n            if isinstance(error_info, list) and status in error_info:\n                exception_class = getattr(ExceptionMapping, error_code, WebDriverException)\n                break\n        else:\n            exception_class = WebDriverException\n    \n        if not value:\n            value = response[\"value\"]\n        if isinstance(value, str):\n            raise exception_class(value)\n        if message == \"\" and \"message\" in value:\n            message = value[\"message\"]\n    \n        screen = None  # type: ignore[assignment]\n        if \"screen\" in value:\n            screen = value[\"screen\"]\n    \n        stacktrace = None\n        st_value = value.get(\"stackTrace\") or value.get(\"stacktrace\")\n        if st_value:\n            if isinstance(st_value, str):\n                stacktrace = st_value.split(\"\\n\")\n            else:\n                stacktrace = []\n                try:\n                    for frame in st_value:\n                        line = frame.get(\"lineNumber\", \"\")\n                        file = frame.get(\"fileName\", \"<anonymous>\")\n                        if line:\n                            file = f\"{file}:{line}\"\n                        meth = frame.get(\"methodName\", \"<anonymous>\")\n                        if \"className\" in frame:\n                            meth = f\"{frame['className']}.{meth}\"\n                        msg = \"    at %s (%s)\"\n                        msg = msg % (meth, file)\n                        stacktrace.append(msg)\n                except TypeError:\n                    pass\n        if exception_class == UnexpectedAlertPresentException:\n            alert_text = None\n            if \"data\" in value:\n                alert_text = value[\"data\"].get(\"text\")\n            elif \"alert\" in value:\n                alert_text = value[\"alert\"].get(\"text\")\n            raise exception_class(message, screen, stacktrace, alert_text)  # type: ignore[call-arg]  # mypy is not smart enough here\n>       raise exception_class(message, screen, stacktrace)\nE       selenium.common.exceptions.ElementClickInterceptedException: Message: element click intercepted: Element <button class=\"btn\" data-toggle=\"modal\" data-target=\"#mainModal\" data-url=\"/ru/users/modal?type=login&amp;returnPage=%2Fru%2F\" data-size=\"sm\" type=\"button\">...</button> is not clickable at point (1115, 39). Other element would receive the click: <div id=\"onesignal-slidedown-container\" class=\"onesignal-slidedown-container onesignal-reset slide-down\">...</div>\nE         (Session info: chrome=125.0.6422.60)\nE       Stacktrace:\nE       0   chromedriver                        0x0000000104fda4a0 chromedriver + 4301984\nE       1   chromedriver                        0x0000000104fd2de8 chromedriver + 4271592\nE       2   chromedriver                        0x0000000104c0419c chromedriver + 278940\nE       3   chromedriver                        0x0000000104c4bd48 chromedriver + 572744\nE       4   chromedriver                        0x0000000104c4a2ec chromedriver + 565996\nE       5   chromedriver                        0x0000000104c4847c chromedriver + 558204\nE       6   chromedriver                        0x0000000104c479cc chromedriver + 555468\nE       7   chromedriver                        0x0000000104c3ce24 chromedriver + 511524\nE       8   chromedriver                        0x0000000104c3c85c chromedriver + 510044\nE       9   chromedriver                        0x0000000104c7ec5c chromedriver + 781404\nE       10  chromedriver                        0x0000000104c3b004 chromedriver + 503812\nE       11  chromedriver                        0x0000000104c3b9ec chromedriver + 506348\nE       12  chromedriver                        0x0000000104fa24e8 chromedriver + 4072680\nE       13  chromedriver                        0x0000000104fa6f94 chromedriver + 4091796\nE       14  chromedriver                        0x0000000104f8972c chromedriver + 3970860\nE       15  chromedriver                        0x0000000104fa787c chromedriver + 4094076\nE       16  chromedriver                        0x0000000104f7c6ac chromedriver + 3917484\nE       17  chromedriver                        0x0000000104fc4ae0 chromedriver + 4213472\nE       18  chromedriver                        0x0000000104fc4c5c chromedriver + 4213852\nE       19  chromedriver                        0x0000000104fd29e0 chromedriver + 4270560\nE       20  libsystem_pthread.dylib             0x000000019e55af94 _pthread_start + 136\nE       21  libsystem_pthread.dylib             0x000000019e555d34 thread_start + 8\n\n.venv/lib/python3.12/site-packages/selenium/webdriver/remote/errorhandler.py:229: ElementClickInterceptedException"}, "description": "This test will perform authorization to the website", "steps": [{"name": "Open browser", "status": "passed", "start": 1716136919927, "stop": 1716136919927}, {"name": "Go to site", "status": "passed", "start": 1716136919927, "stop": 1716136921177}, {"name": "Handle notification if present", "status": "passed", "start": 1716136921178, "stop": 1716136934912}, {"name": "Click login button", "status": "broken", "statusDetails": {"message": "selenium.common.exceptions.ElementClickInterceptedException: Message: element click intercepted: Element <button class=\"btn\" data-toggle=\"modal\" data-target=\"#mainModal\" data-url=\"/ru/users/modal?type=login&amp;returnPage=%2Fru%2F\" data-size=\"sm\" type=\"button\">...</button> is not clickable at point (1115, 39). Other element would receive the click: <div id=\"onesignal-slidedown-container\" class=\"onesignal-slidedown-container onesignal-reset slide-down\">...</div>\n  (Session info: chrome=125.0.6422.60)\nStacktrace:\n0   chromedriver                        0x0000000104fda4a0 chromedriver + 4301984\n1   chromedriver                        0x0000000104fd2de8 chromedriver + 4271592\n2   chromedriver                        0x0000000104c0419c chromedriver + 278940\n3   chromedriver                        0x0000000104c4bd48 chromedriver + 572744\n4   chromedriver                        0x0000000104c4a2ec chromedriver + 565996\n5   chromedriver                        0x0000000104c4847c chromedriver + 558204\n6   chromedriver                        0x0000000104c479cc chromedriver + 555468\n7   chromedriver                        0x0000000104c3ce24 chromedriver + 511524\n8   chromedriver                        0x0000000104c3c85c chromedriver + 510044\n9   chromedriver                        0x0000000104c7ec5c chromedriver + 781404\n10  chromedriver                        0x0000000104c3b004 chromedriver + 503812\n11  chromedriver                        0x0000000104c3b9ec chromedriver + 506348\n12  chromedriver                        0x0000000104fa24e8 chromedriver + 4072680\n13  chromedriver                        0x0000000104fa6f94 chromedriver + 4091796\n14  chromedriver                        0x0000000104f8972c chromedriver + 3970860\n15  chromedriver                        0x0000000104fa787c chromedriver + 4094076\n16  chromedriver                        0x0000000104f7c6ac chromedriver + 3917484\n17  chromedriver                        0x0000000104fc4ae0 chromedriver + 4213472\n18  chromedriver                        0x0000000104fc4c5c chromedriver + 4213852\n19  chromedriver                        0x0000000104fd29e0 chromedriver + 4270560\n20  libsystem_pthread.dylib             0x000000019e55af94 _pthread_start + 136\n21  libsystem_pthread.dylib             0x000000019e555d34 thread_start + 8\n\n", "trace": "  File \"/Users/gulim/PycharmProjects/PythonPOM/ProjectV1/tests/test_1_authorization.py\", line 21, in test_authorization\n    authorization_page.login_button().click()\n  File \"/Users/gulim/PycharmProjects/PythonPOM/ProjectV1/.venv/lib/python3.12/site-packages/selenium/webdriver/remote/webelement.py\", line 94, in click\n    self._execute(Command.CLICK_ELEMENT)\n  File \"/Users/gulim/PycharmProjects/PythonPOM/ProjectV1/.venv/lib/python3.12/site-packages/selenium/webdriver/remote/webelement.py\", line 395, in _execute\n    return self._parent.execute(command, params)\n           ^^^^^^^^^^^^^^^^^^^^^^^^^^^^^^^^^^^^^\n  File \"/Users/gulim/PycharmProjects/PythonPOM/ProjectV1/.venv/lib/python3.12/site-packages/selenium/webdriver/remote/webdriver.py\", line 347, in execute\n    self.error_handler.check_response(response)\n  File \"/Users/gulim/PycharmProjects/PythonPOM/ProjectV1/.venv/lib/python3.12/site-packages/selenium/webdriver/remote/errorhandler.py\", line 229, in check_response\n    raise exception_class(message, screen, stacktrace)\n"}, "start": 1716136934912, "stop": 1716136935970}], "attachments": [{"name": "stdout", "source": "c740416f-78e0-4a25-878f-e6542d63d643-attachment.txt", "type": "text/plain"}], "start": 1716136919926, "stop": 1716136935975, "uuid": "e7f95cc7-8961-41c1-9061-76ef5a568353", "historyId": "2c83bc119bf5617fec50f22397a3b6b3", "testCaseId": "2c83bc119bf5617fec50f22397a3b6b3", "fullName": "tests.test_1_authorization#test_authorization", "labels": [{"name": "feature", "value": "Authorization"}, {"name": "story", "value": "Authorization to the system"}, {"name": "parentSuite", "value": "tests"}, {"name": "suite", "value": "test_1_authorization"}, {"name": "host", "value": "Gulims-MacBook-Air.local"}, {"name": "thread", "value": "8294-MainThread"}, {"name": "framework", "value": "pytest"}, {"name": "language", "value": "cpython3"}, {"name": "package", "value": "tests.test_1_authorization"}]}